<?xml version="1.0" encoding="UTF-8"?>
<testng-results skipped="1" failed="0" ignored="0" total="1" passed="0">
  <reporter-output>
  </reporter-output>
  <suite name="Default suite" duration-ms="10441" started-at="2021-02-04T22:01:26 IST" finished-at="2021-02-04T22:01:36 IST">
    <groups>
    </groups>
    <test name="Default test" duration-ms="10441" started-at="2021-02-04T22:01:26 IST" finished-at="2021-02-04T22:01:36 IST">
      <class name="Hms.validationtest">
        <test-method status="FAIL" signature="beforeTest()[pri:0, instance:Hms.validationtest@7d907bac]" name="beforeTest" is-config="true" duration-ms="10087" started-at="2021-02-04T22:01:26 IST" finished-at="2021-02-04T22:01:36 IST">
          <exception class="org.openqa.selenium.SessionNotCreatedException">
            <message>
              <![CDATA[session not created: This version of ChromeDriver only supports Chrome version 78
Build info: version: '3.141.59', revision: 'e82be7d358', time: '2018-11-14T08:25:53'
System info: host: 'DESKTOP-V8AL5TS', ip: '192.168.1.105', os.name: 'Windows 10', os.arch: 'amd64', os.version: '10.0', java.version: '1.8.0_231'
Driver info: driver.version: ChromeDriver
remote stacktrace: Backtrace:
Ordinal0 [0x008FAA43+1550915]
Ordinal0 [0x0087A901+1026305]
Ordinal0 [0x007FC915+510229]
Ordinal0 [0x0078FC68+64616]
Ordinal0 [0x0078C594+50580]
Ordinal0 [0x007AACE7+175335]
Ordinal0 [0x007AA8ED+174317]
Ordinal0 [0x007A8CDB+167131]
Ordinal0 [0x0079144A+70730]
Ordinal0 [0x007924D0+74960]
Ordinal0 [0x00792469+74857]
Ordinal0 [0x008944C7+1131719]
GetHandleVerifier [0x0099722D+523773]
GetHandleVerifier [0x00996FC0+523152]
GetHandleVerifier [0x0099E317+552679]
GetHandleVerifier [0x00997A2A+525818]
Ordinal0 [0x0088B9FC+1096188]
Ordinal0 [0x0089653B+1140027]
Ordinal0 [0x008966A3+1140387]
Ordinal0 [0x00895625+1136165]
BaseThreadInitThunk [0x76FD6359+25]
RtlGetAppContainerNamedObjectPath [0x77BA7C24+228]
RtlGetAppContainerNamedObjectPath [0x77BA7BF4+180]
]]>
            </message>
            <full-stacktrace>
              <![CDATA[org.openqa.selenium.SessionNotCreatedException: session not created: This version of ChromeDriver only supports Chrome version 78
Build info: version: '3.141.59', revision: 'e82be7d358', time: '2018-11-14T08:25:53'
System info: host: 'DESKTOP-V8AL5TS', ip: '192.168.1.105', os.name: 'Windows 10', os.arch: 'amd64', os.version: '10.0', java.version: '1.8.0_231'
Driver info: driver.version: ChromeDriver
remote stacktrace: Backtrace:
Ordinal0 [0x008FAA43+1550915]
Ordinal0 [0x0087A901+1026305]
Ordinal0 [0x007FC915+510229]
Ordinal0 [0x0078FC68+64616]
Ordinal0 [0x0078C594+50580]
Ordinal0 [0x007AACE7+175335]
Ordinal0 [0x007AA8ED+174317]
Ordinal0 [0x007A8CDB+167131]
Ordinal0 [0x0079144A+70730]
Ordinal0 [0x007924D0+74960]
Ordinal0 [0x00792469+74857]
Ordinal0 [0x008944C7+1131719]
GetHandleVerifier [0x0099722D+523773]
GetHandleVerifier [0x00996FC0+523152]
GetHandleVerifier [0x0099E317+552679]
GetHandleVerifier [0x00997A2A+525818]
Ordinal0 [0x0088B9FC+1096188]
Ordinal0 [0x0089653B+1140027]
Ordinal0 [0x008966A3+1140387]
Ordinal0 [0x00895625+1136165]
BaseThreadInitThunk [0x76FD6359+25]
RtlGetAppContainerNamedObjectPath [0x77BA7C24+228]
RtlGetAppContainerNamedObjectPath [0x77BA7BF4+180]

at sun.reflect.NativeConstructorAccessorImpl.newInstance0(Native Method)
at sun.reflect.NativeConstructorAccessorImpl.newInstance(NativeConstructorAccessorImpl.java:62)
at sun.reflect.DelegatingConstructorAccessorImpl.newInstance(DelegatingConstructorAccessorImpl.java:45)
at java.lang.reflect.Constructor.newInstance(Constructor.java:423)
at org.openqa.selenium.remote.W3CHandshakeResponse.lambda$errorHandler$0(W3CHandshakeResponse.java:62)
at org.openqa.selenium.remote.HandshakeResponse.lambda$getResponseFunction$0(HandshakeResponse.java:30)
at org.openqa.selenium.remote.ProtocolHandshake.lambda$createSession$0(ProtocolHandshake.java:126)
at java.util.stream.ReferencePipeline$3$1.accept(ReferencePipeline.java:193)
at java.util.Spliterators$ArraySpliterator.tryAdvance(Spliterators.java:958)
at java.util.stream.ReferencePipeline.forEachWithCancel(ReferencePipeline.java:126)
at java.util.stream.AbstractPipeline.copyIntoWithCancel(AbstractPipeline.java:499)
at java.util.stream.AbstractPipeline.copyInto(AbstractPipeline.java:486)
at java.util.stream.AbstractPipeline.wrapAndCopyInto(AbstractPipeline.java:472)
at java.util.stream.FindOps$FindOp.evaluateSequential(FindOps.java:152)
at java.util.stream.AbstractPipeline.evaluate(AbstractPipeline.java:234)
at java.util.stream.ReferencePipeline.findFirst(ReferencePipeline.java:464)
at org.openqa.selenium.remote.ProtocolHandshake.createSession(ProtocolHandshake.java:128)
at org.openqa.selenium.remote.ProtocolHandshake.createSession(ProtocolHandshake.java:74)
at org.openqa.selenium.remote.HttpCommandExecutor.execute(HttpCommandExecutor.java:136)
at org.openqa.selenium.remote.service.DriverCommandExecutor.execute(DriverCommandExecutor.java:83)
at org.openqa.selenium.remote.RemoteWebDriver.execute(RemoteWebDriver.java:552)
at org.openqa.selenium.remote.RemoteWebDriver.startSession(RemoteWebDriver.java:213)
at org.openqa.selenium.remote.RemoteWebDriver.<init>(RemoteWebDriver.java:131)
at org.openqa.selenium.chrome.ChromeDriver.<init>(ChromeDriver.java:181)
at org.openqa.selenium.chrome.ChromeDriver.<init>(ChromeDriver.java:168)
at org.openqa.selenium.chrome.ChromeDriver.<init>(ChromeDriver.java:123)
at Hms.validationtest.beforeTest(validationtest.java:44)
at sun.reflect.NativeMethodAccessorImpl.invoke0(Native Method)
at sun.reflect.NativeMethodAccessorImpl.invoke(NativeMethodAccessorImpl.java:62)
at sun.reflect.DelegatingMethodAccessorImpl.invoke(DelegatingMethodAccessorImpl.java:43)
at java.lang.reflect.Method.invoke(Method.java:498)
at org.testng.internal.MethodInvocationHelper.invokeMethod(MethodInvocationHelper.java:133)
at org.testng.internal.MethodInvocationHelper.invokeMethodConsideringTimeout(MethodInvocationHelper.java:62)
at org.testng.internal.ConfigInvoker.invokeConfigurationMethod(ConfigInvoker.java:340)
at org.testng.internal.ConfigInvoker.invokeConfigurations(ConfigInvoker.java:294)
at org.testng.TestRunner.invokeTestConfigurations(TestRunner.java:623)
at org.testng.TestRunner.beforeRun(TestRunner.java:613)
at org.testng.TestRunner.run(TestRunner.java:584)
at org.testng.SuiteRunner.runTest(SuiteRunner.java:402)
at org.testng.SuiteRunner.runSequentially(SuiteRunner.java:396)
at org.testng.SuiteRunner.privateRun(SuiteRunner.java:355)
at org.testng.SuiteRunner.run(SuiteRunner.java:304)
at org.testng.SuiteRunnerWorker.runSuite(SuiteRunnerWorker.java:53)
at org.testng.SuiteRunnerWorker.run(SuiteRunnerWorker.java:96)
at org.testng.TestNG.runSuitesSequentially(TestNG.java:1180)
at org.testng.TestNG.runSuitesLocally(TestNG.java:1102)
at org.testng.TestNG.runSuites(TestNG.java:1032)
at org.testng.TestNG.run(TestNG.java:1000)
at org.testng.remote.AbstractRemoteTestNG.run(AbstractRemoteTestNG.java:115)
at org.testng.remote.RemoteTestNG.initAndRun(RemoteTestNG.java:251)
at org.testng.remote.RemoteTestNG.main(RemoteTestNG.java:77)
]]>
            </full-stacktrace>
          </exception> <!-- org.openqa.selenium.SessionNotCreatedException -->
          <reporter-output>
          </reporter-output>
        </test-method> <!-- beforeTest -->
        <test-method status="SKIP" signature="f()[pri:0, instance:Hms.validationtest@7d907bac]" name="f" duration-ms="0" started-at="2021-02-04T22:01:36 IST" finished-at="2021-02-04T22:01:36 IST">
          <exception class="org.openqa.selenium.SessionNotCreatedException">
            <message>
              <![CDATA[session not created: This version of ChromeDriver only supports Chrome version 78
Build info: version: '3.141.59', revision: 'e82be7d358', time: '2018-11-14T08:25:53'
System info: host: 'DESKTOP-V8AL5TS', ip: '192.168.1.105', os.name: 'Windows 10', os.arch: 'amd64', os.version: '10.0', java.version: '1.8.0_231'
Driver info: driver.version: ChromeDriver
remote stacktrace: Backtrace:
Ordinal0 [0x008FAA43+1550915]
Ordinal0 [0x0087A901+1026305]
Ordinal0 [0x007FC915+510229]
Ordinal0 [0x0078FC68+64616]
Ordinal0 [0x0078C594+50580]
Ordinal0 [0x007AACE7+175335]
Ordinal0 [0x007AA8ED+174317]
Ordinal0 [0x007A8CDB+167131]
Ordinal0 [0x0079144A+70730]
Ordinal0 [0x007924D0+74960]
Ordinal0 [0x00792469+74857]
Ordinal0 [0x008944C7+1131719]
GetHandleVerifier [0x0099722D+523773]
GetHandleVerifier [0x00996FC0+523152]
GetHandleVerifier [0x0099E317+552679]
GetHandleVerifier [0x00997A2A+525818]
Ordinal0 [0x0088B9FC+1096188]
Ordinal0 [0x0089653B+1140027]
Ordinal0 [0x008966A3+1140387]
Ordinal0 [0x00895625+1136165]
BaseThreadInitThunk [0x76FD6359+25]
RtlGetAppContainerNamedObjectPath [0x77BA7C24+228]
RtlGetAppContainerNamedObjectPath [0x77BA7BF4+180]
]]>
            </message>
            <full-stacktrace>
              <![CDATA[org.openqa.selenium.SessionNotCreatedException: session not created: This version of ChromeDriver only supports Chrome version 78
Build info: version: '3.141.59', revision: 'e82be7d358', time: '2018-11-14T08:25:53'
System info: host: 'DESKTOP-V8AL5TS', ip: '192.168.1.105', os.name: 'Windows 10', os.arch: 'amd64', os.version: '10.0', java.version: '1.8.0_231'
Driver info: driver.version: ChromeDriver
remote stacktrace: Backtrace:
Ordinal0 [0x008FAA43+1550915]
Ordinal0 [0x0087A901+1026305]
Ordinal0 [0x007FC915+510229]
Ordinal0 [0x0078FC68+64616]
Ordinal0 [0x0078C594+50580]
Ordinal0 [0x007AACE7+175335]
Ordinal0 [0x007AA8ED+174317]
Ordinal0 [0x007A8CDB+167131]
Ordinal0 [0x0079144A+70730]
Ordinal0 [0x007924D0+74960]
Ordinal0 [0x00792469+74857]
Ordinal0 [0x008944C7+1131719]
GetHandleVerifier [0x0099722D+523773]
GetHandleVerifier [0x00996FC0+523152]
GetHandleVerifier [0x0099E317+552679]
GetHandleVerifier [0x00997A2A+525818]
Ordinal0 [0x0088B9FC+1096188]
Ordinal0 [0x0089653B+1140027]
Ordinal0 [0x008966A3+1140387]
Ordinal0 [0x00895625+1136165]
BaseThreadInitThunk [0x76FD6359+25]
RtlGetAppContainerNamedObjectPath [0x77BA7C24+228]
RtlGetAppContainerNamedObjectPath [0x77BA7BF4+180]

at sun.reflect.NativeConstructorAccessorImpl.newInstance0(Native Method)
at sun.reflect.NativeConstructorAccessorImpl.newInstance(NativeConstructorAccessorImpl.java:62)
at sun.reflect.DelegatingConstructorAccessorImpl.newInstance(DelegatingConstructorAccessorImpl.java:45)
at java.lang.reflect.Constructor.newInstance(Constructor.java:423)
at org.openqa.selenium.remote.W3CHandshakeResponse.lambda$errorHandler$0(W3CHandshakeResponse.java:62)
at org.openqa.selenium.remote.HandshakeResponse.lambda$getResponseFunction$0(HandshakeResponse.java:30)
at org.openqa.selenium.remote.ProtocolHandshake.lambda$createSession$0(ProtocolHandshake.java:126)
at java.util.stream.ReferencePipeline$3$1.accept(ReferencePipeline.java:193)
at java.util.Spliterators$ArraySpliterator.tryAdvance(Spliterators.java:958)
at java.util.stream.ReferencePipeline.forEachWithCancel(ReferencePipeline.java:126)
at java.util.stream.AbstractPipeline.copyIntoWithCancel(AbstractPipeline.java:499)
at java.util.stream.AbstractPipeline.copyInto(AbstractPipeline.java:486)
at java.util.stream.AbstractPipeline.wrapAndCopyInto(AbstractPipeline.java:472)
at java.util.stream.FindOps$FindOp.evaluateSequential(FindOps.java:152)
at java.util.stream.AbstractPipeline.evaluate(AbstractPipeline.java:234)
at java.util.stream.ReferencePipeline.findFirst(ReferencePipeline.java:464)
at org.openqa.selenium.remote.ProtocolHandshake.createSession(ProtocolHandshake.java:128)
at org.openqa.selenium.remote.ProtocolHandshake.createSession(ProtocolHandshake.java:74)
at org.openqa.selenium.remote.HttpCommandExecutor.execute(HttpCommandExecutor.java:136)
at org.openqa.selenium.remote.service.DriverCommandExecutor.execute(DriverCommandExecutor.java:83)
at org.openqa.selenium.remote.RemoteWebDriver.execute(RemoteWebDriver.java:552)
at org.openqa.selenium.remote.RemoteWebDriver.startSession(RemoteWebDriver.java:213)
at org.openqa.selenium.remote.RemoteWebDriver.<init>(RemoteWebDriver.java:131)
at org.openqa.selenium.chrome.ChromeDriver.<init>(ChromeDriver.java:181)
at org.openqa.selenium.chrome.ChromeDriver.<init>(ChromeDriver.java:168)
at org.openqa.selenium.chrome.ChromeDriver.<init>(ChromeDriver.java:123)
at Hms.validationtest.beforeTest(validationtest.java:44)
at sun.reflect.NativeMethodAccessorImpl.invoke0(Native Method)
at sun.reflect.NativeMethodAccessorImpl.invoke(NativeMethodAccessorImpl.java:62)
at sun.reflect.DelegatingMethodAccessorImpl.invoke(DelegatingMethodAccessorImpl.java:43)
at java.lang.reflect.Method.invoke(Method.java:498)
at org.testng.internal.MethodInvocationHelper.invokeMethod(MethodInvocationHelper.java:133)
at org.testng.internal.MethodInvocationHelper.invokeMethodConsideringTimeout(MethodInvocationHelper.java:62)
at org.testng.internal.ConfigInvoker.invokeConfigurationMethod(ConfigInvoker.java:340)
at org.testng.internal.ConfigInvoker.invokeConfigurations(ConfigInvoker.java:294)
at org.testng.TestRunner.invokeTestConfigurations(TestRunner.java:623)
at org.testng.TestRunner.beforeRun(TestRunner.java:613)
at org.testng.TestRunner.run(TestRunner.java:584)
at org.testng.SuiteRunner.runTest(SuiteRunner.java:402)
at org.testng.SuiteRunner.runSequentially(SuiteRunner.java:396)
at org.testng.SuiteRunner.privateRun(SuiteRunner.java:355)
at org.testng.SuiteRunner.run(SuiteRunner.java:304)
at org.testng.SuiteRunnerWorker.runSuite(SuiteRunnerWorker.java:53)
at org.testng.SuiteRunnerWorker.run(SuiteRunnerWorker.java:96)
at org.testng.TestNG.runSuitesSequentially(TestNG.java:1180)
at org.testng.TestNG.runSuitesLocally(TestNG.java:1102)
at org.testng.TestNG.runSuites(TestNG.java:1032)
at org.testng.TestNG.run(TestNG.java:1000)
at org.testng.remote.AbstractRemoteTestNG.run(AbstractRemoteTestNG.java:115)
at org.testng.remote.RemoteTestNG.initAndRun(RemoteTestNG.java:251)
at org.testng.remote.RemoteTestNG.main(RemoteTestNG.java:77)
]]>
            </full-stacktrace>
          </exception> <!-- org.openqa.selenium.SessionNotCreatedException -->
          <reporter-output>
          </reporter-output>
        </test-method> <!-- f -->
        <test-method status="SKIP" signature="afterTest()[pri:0, instance:Hms.validationtest@7d907bac]" name="afterTest" is-config="true" duration-ms="-1612456296757" started-at="2021-02-04T22:01:36 IST" finished-at="1970-01-01T05:30:00 IST">
          <reporter-output>
          </reporter-output>
        </test-method> <!-- afterTest -->
      </class> <!-- Hms.validationtest -->
    </test> <!-- Default test -->
  </suite> <!-- Default suite -->
</testng-results>
